0 info it worked if it ends with ok
1 verbose cli [ 'node', '/usr/local/bin/npm', 'install', '-g', 'node-krb5' ]
2 info using npm@1.4.28
3 info using node@v0.10.32
4 verbose cache add [ 'node-krb5', null ]
5 verbose cache add name=undefined spec="node-krb5" args=["node-krb5",null]
6 verbose parsed url { protocol: null,
6 verbose parsed url   slashes: null,
6 verbose parsed url   auth: null,
6 verbose parsed url   host: null,
6 verbose parsed url   port: null,
6 verbose parsed url   hostname: null,
6 verbose parsed url   hash: null,
6 verbose parsed url   search: null,
6 verbose parsed url   query: null,
6 verbose parsed url   pathname: 'node-krb5',
6 verbose parsed url   path: 'node-krb5',
6 verbose parsed url   href: 'node-krb5' }
7 silly lockFile ebbbeb03-node-krb5 node-krb5
8 verbose lock node-krb5 /Users/danamukusheva/.npm/ebbbeb03-node-krb5.lock
9 silly lockFile ebbbeb03-node-krb5 node-krb5
10 silly lockFile ebbbeb03-node-krb5 node-krb5
11 verbose addNamed [ 'node-krb5', '' ]
12 verbose addNamed [ null, '*' ]
13 silly lockFile fdc2f8a8-node-krb5 node-krb5@
14 verbose lock node-krb5@ /Users/danamukusheva/.npm/fdc2f8a8-node-krb5.lock
15 silly addNameRange { name: 'node-krb5', range: '*', hasData: false }
16 verbose request where is /node-krb5
17 verbose request registry https://registry.npmjs.org/
18 verbose request id b70e9b5cd2fbb7dd
19 verbose url raw /node-krb5
20 verbose url resolving [ 'https://registry.npmjs.org/', './node-krb5' ]
21 verbose url resolved https://registry.npmjs.org/node-krb5
22 verbose request where is https://registry.npmjs.org/node-krb5
23 info trying registry request attempt 1 at 15:48:53
24 verbose etag "5S8GLXRT53ANN35UZ1493FZLH"
25 http GET https://registry.npmjs.org/node-krb5
26 http 304 https://registry.npmjs.org/node-krb5
27 silly registry.get cb [ 304,
27 silly registry.get   { date: 'Sun, 19 Oct 2014 19:48:53 GMT',
27 silly registry.get     server: 'Apache',
27 silly registry.get     via: '1.1 varnish',
27 silly registry.get     'last-modified': 'Sun, 19 Oct 2014 19:48:53 GMT',
27 silly registry.get     'cache-control': 'max-age=60',
27 silly registry.get     etag: '"5S8GLXRT53ANN35UZ1493FZLH"',
27 silly registry.get     age: '0',
27 silly registry.get     'x-served-by': 'cache-jfk1031-JFK',
27 silly registry.get     'x-cache': 'MISS',
27 silly registry.get     'x-cache-hits': '0',
27 silly registry.get     'x-timer': 'S1413748133.540666,VS0,VE183',
27 silly registry.get     vary: 'Accept',
27 silly registry.get     'content-length': '0',
27 silly registry.get     'keep-alive': 'timeout=10, max=50',
27 silly registry.get     connection: 'Keep-Alive' } ]
28 verbose etag https://registry.npmjs.org/node-krb5 from cache
29 silly addNameRange number 2 { name: 'node-krb5', range: '*', hasData: true }
30 silly addNameRange versions [ 'node-krb5', [ '0.0.1', '0.0.2', '0.0.3', '0.0.4', '0.0.5' ] ]
31 verbose addNamed [ 'node-krb5', '0.0.5' ]
32 verbose addNamed [ '0.0.5', '0.0.5' ]
33 silly lockFile 2875ff55-node-krb5-0-0-5 node-krb5@0.0.5
34 verbose lock node-krb5@0.0.5 /Users/danamukusheva/.npm/2875ff55-node-krb5-0-0-5.lock
35 silly lockFile 2875ff55-node-krb5-0-0-5 node-krb5@0.0.5
36 silly lockFile 2875ff55-node-krb5-0-0-5 node-krb5@0.0.5
37 silly lockFile fdc2f8a8-node-krb5 node-krb5@
38 silly lockFile fdc2f8a8-node-krb5 node-krb5@
39 silly resolved [ { name: 'node-krb5',
39 silly resolved     version: '0.0.5',
39 silly resolved     author: { name: 'qesuto', email: 'qesuto@gmail.com' },
39 silly resolved     description: 'Node.js native addon for simple krb5 user authentication',
39 silly resolved     repository: { type: 'git', url: 'git://github.com/qesuto/node-krb5.git' },
39 silly resolved     homepage: 'http://github.com/qesuto/node-krb5',
39 silly resolved     main: './build/Release/krb5',
39 silly resolved     keywords:
39 silly resolved      [ 'kerberos',
39 silly resolved        'krb5',
39 silly resolved        'auth',
39 silly resolved        'authentication',
39 silly resolved        'active directory',
39 silly resolved        'ad',
39 silly resolved        'windows' ],
39 silly resolved     engines: { node: '>=0.5.6' },
39 silly resolved     dependencies: { 'node-gyp': '0.13.1' },
39 silly resolved     scripts: { install: 'node-gyp rebuild' },
39 silly resolved     devDependencies: {},
39 silly resolved     optionalDependencies: {},
39 silly resolved     gypfile: true,
39 silly resolved     bugs: { url: 'https://github.com/qesuto/node-krb5/issues' },
39 silly resolved     _id: 'node-krb5@0.0.5',
39 silly resolved     _shasum: 'd3546092da996366090078b3732ee2538f7ec705',
39 silly resolved     _from: 'node-krb5@',
39 silly resolved     _npmVersion: '1.4.10',
39 silly resolved     _npmUser: { name: 'qesuto', email: 'qesuto@gmail.com' },
39 silly resolved     maintainers: [ [Object] ],
39 silly resolved     dist:
39 silly resolved      { shasum: 'd3546092da996366090078b3732ee2538f7ec705',
39 silly resolved        tarball: 'http://registry.npmjs.org/node-krb5/-/node-krb5-0.0.5.tgz' },
39 silly resolved     directories: {},
39 silly resolved     _resolved: 'https://registry.npmjs.org/node-krb5/-/node-krb5-0.0.5.tgz',
39 silly resolved     readme: 'ERROR: No README data found!' } ]
40 info install node-krb5@0.0.5 into /usr/local/lib
41 info installOne node-krb5@0.0.5
42 verbose lib/node_modules/node-krb5 unbuild
43 verbose tar unpack /Users/danamukusheva/.npm/node-krb5/0.0.5/package.tgz
44 silly lockFile 62a66e1b-local-lib-node-modules-node-krb5 tar:///usr/local/lib/node_modules/node-krb5
45 verbose lock tar:///usr/local/lib/node_modules/node-krb5 /Users/danamukusheva/.npm/62a66e1b-local-lib-node-modules-node-krb5.lock
46 silly lockFile f38efb5d--npm-node-krb5-0-0-5-package-tgz tar:///Users/danamukusheva/.npm/node-krb5/0.0.5/package.tgz
47 verbose lock tar:///Users/danamukusheva/.npm/node-krb5/0.0.5/package.tgz /Users/danamukusheva/.npm/f38efb5d--npm-node-krb5-0-0-5-package-tgz.lock
48 silly gunzTarPerm modes [ '755', '644' ]
49 error Error: EACCES, mkdir '/usr/local/lib/node_modules/node-krb5'
49 error  { [Error: EACCES, mkdir '/usr/local/lib/node_modules/node-krb5']
49 error   errno: 3,
49 error   code: 'EACCES',
49 error   path: '/usr/local/lib/node_modules/node-krb5',
49 error   fstream_type: 'Directory',
49 error   fstream_path: '/usr/local/lib/node_modules/node-krb5',
49 error   fstream_class: 'DirWriter',
49 error   fstream_stack:
49 error    [ '/usr/local/lib/node_modules/npm/node_modules/fstream/lib/dir-writer.js:36:23',
49 error      '/usr/local/lib/node_modules/npm/node_modules/mkdirp/index.js:46:53',
49 error      'Object.oncomplete (fs.js:107:15)' ] }
50 error Please try running this command again as root/Administrator.
51 error System Darwin 13.4.0
52 error command "node" "/usr/local/bin/npm" "install" "-g" "node-krb5"
53 error cwd /Users/danamukusheva/Desktop/proj3/rcha_changycj_mukushev_proj3
54 error node -v v0.10.32
55 error npm -v 1.4.28
56 error path /usr/local/lib/node_modules/node-krb5
57 error fstream_path /usr/local/lib/node_modules/node-krb5
58 error fstream_type Directory
59 error fstream_class DirWriter
60 error code EACCES
61 error errno 3
62 error stack Error: EACCES, mkdir '/usr/local/lib/node_modules/node-krb5'
63 error fstream_stack /usr/local/lib/node_modules/npm/node_modules/fstream/lib/dir-writer.js:36:23
63 error fstream_stack /usr/local/lib/node_modules/npm/node_modules/mkdirp/index.js:46:53
63 error fstream_stack Object.oncomplete (fs.js:107:15)
64 verbose exit [ 3, true ]
